[0.433s] Invoking command in '/home/grant/ros/src/py_srvcli': PYTHONPATH=/home/grant/ros/build/py_srvcli/prefix_override:/usr/lib/python3/dist-packages/colcon_core/task/python/colcon_distutils_commands:/home/grant/ros/install/py_srvcli/lib/python3.10/site-packages:${PYTHONPATH} /usr/bin/python3 -W ignore:setup.py install is deprecated -W ignore:easy_install command is deprecated setup.py egg_info --egg-base ../../build/py_srvcli build --build-base /home/grant/ros/build/py_srvcli/build install --record /home/grant/ros/build/py_srvcli/install.log --single-version-externally-managed install_data
[0.546s] running egg_info
[0.547s] creating ../../build/py_srvcli/py_srvcli.egg-info
[0.547s] writing ../../build/py_srvcli/py_srvcli.egg-info/PKG-INFO
[0.547s] writing dependency_links to ../../build/py_srvcli/py_srvcli.egg-info/dependency_links.txt
[0.547s] writing entry points to ../../build/py_srvcli/py_srvcli.egg-info/entry_points.txt
[0.547s] writing requirements to ../../build/py_srvcli/py_srvcli.egg-info/requires.txt
[0.547s] writing top-level names to ../../build/py_srvcli/py_srvcli.egg-info/top_level.txt
[0.548s] writing manifest file '../../build/py_srvcli/py_srvcli.egg-info/SOURCES.txt'
[0.548s] reading manifest file '../../build/py_srvcli/py_srvcli.egg-info/SOURCES.txt'
[0.548s] adding license file 'LICENSE'
[0.549s] writing manifest file '../../build/py_srvcli/py_srvcli.egg-info/SOURCES.txt'
[0.549s] running build
[0.549s] running build_py
[0.549s] creating /home/grant/ros/build/py_srvcli/build
[0.549s] creating /home/grant/ros/build/py_srvcli/build/lib
[0.549s] creating /home/grant/ros/build/py_srvcli/build/lib/py_srvcli
[0.549s] copying py_srvcli/service.py -> /home/grant/ros/build/py_srvcli/build/lib/py_srvcli
[0.549s] copying py_srvcli/client.py -> /home/grant/ros/build/py_srvcli/build/lib/py_srvcli
[0.549s] copying py_srvcli/__init__.py -> /home/grant/ros/build/py_srvcli/build/lib/py_srvcli
[0.550s] running install
[0.550s] running install_lib
[0.550s] creating /home/grant/ros/install/py_srvcli/lib/python3.10/site-packages/py_srvcli
[0.551s] copying /home/grant/ros/build/py_srvcli/build/lib/py_srvcli/service.py -> /home/grant/ros/install/py_srvcli/lib/python3.10/site-packages/py_srvcli
[0.551s] copying /home/grant/ros/build/py_srvcli/build/lib/py_srvcli/client.py -> /home/grant/ros/install/py_srvcli/lib/python3.10/site-packages/py_srvcli
[0.551s] copying /home/grant/ros/build/py_srvcli/build/lib/py_srvcli/__init__.py -> /home/grant/ros/install/py_srvcli/lib/python3.10/site-packages/py_srvcli
[0.551s] byte-compiling /home/grant/ros/install/py_srvcli/lib/python3.10/site-packages/py_srvcli/service.py to service.cpython-310.pyc
[0.551s] byte-compiling /home/grant/ros/install/py_srvcli/lib/python3.10/site-packages/py_srvcli/client.py to client.cpython-310.pyc
[0.552s] byte-compiling /home/grant/ros/install/py_srvcli/lib/python3.10/site-packages/py_srvcli/__init__.py to __init__.cpython-310.pyc
[0.552s] running install_data
[0.552s] creating /home/grant/ros/install/py_srvcli/share/ament_index
[0.552s] creating /home/grant/ros/install/py_srvcli/share/ament_index/resource_index
[0.552s] creating /home/grant/ros/install/py_srvcli/share/ament_index/resource_index/packages
[0.552s] copying resource/py_srvcli -> /home/grant/ros/install/py_srvcli/share/ament_index/resource_index/packages
[0.552s] copying package.xml -> /home/grant/ros/install/py_srvcli/share/py_srvcli
[0.553s] running install_egg_info
[0.554s] Copying ../../build/py_srvcli/py_srvcli.egg-info to /home/grant/ros/install/py_srvcli/lib/python3.10/site-packages/py_srvcli-0.0.0-py3.10.egg-info
[0.554s] running install_scripts
[0.566s] Installing client script to /home/grant/ros/install/py_srvcli/lib/py_srvcli
[0.566s] Installing service script to /home/grant/ros/install/py_srvcli/lib/py_srvcli
[0.566s] writing list of installed files to '/home/grant/ros/build/py_srvcli/install.log'
[0.579s] Invoked command in '/home/grant/ros/src/py_srvcli' returned '0': PYTHONPATH=/home/grant/ros/build/py_srvcli/prefix_override:/usr/lib/python3/dist-packages/colcon_core/task/python/colcon_distutils_commands:/home/grant/ros/install/py_srvcli/lib/python3.10/site-packages:${PYTHONPATH} /usr/bin/python3 -W ignore:setup.py install is deprecated -W ignore:easy_install command is deprecated setup.py egg_info --egg-base ../../build/py_srvcli build --build-base /home/grant/ros/build/py_srvcli/build install --record /home/grant/ros/build/py_srvcli/install.log --single-version-externally-managed install_data
