[0.788s] Invoking command in '/home/grant/ros/src/py_srvcli': PYTHONPATH=/home/grant/ros/build/py_srvcli/prefix_override:/usr/lib/python3/dist-packages/colcon_core/task/python/colcon_distutils_commands:/home/grant/ros/install/py_srvcli/lib/python3.10/site-packages:${PYTHONPATH} /usr/bin/python3 -W ignore:setup.py install is deprecated -W ignore:easy_install command is deprecated setup.py egg_info --egg-base ../../build/py_srvcli build --build-base /home/grant/ros/build/py_srvcli/build install --record /home/grant/ros/build/py_srvcli/install.log --single-version-externally-managed install_data
[1.041s] running egg_info
[1.043s] writing ../../build/py_srvcli/py_srvcli.egg-info/PKG-INFO
[1.043s] writing dependency_links to ../../build/py_srvcli/py_srvcli.egg-info/dependency_links.txt
[1.044s] writing entry points to ../../build/py_srvcli/py_srvcli.egg-info/entry_points.txt
[1.044s] writing requirements to ../../build/py_srvcli/py_srvcli.egg-info/requires.txt
[1.044s] writing top-level names to ../../build/py_srvcli/py_srvcli.egg-info/top_level.txt
[1.046s] reading manifest file '../../build/py_srvcli/py_srvcli.egg-info/SOURCES.txt'
[1.046s] adding license file 'LICENSE'
[1.047s] writing manifest file '../../build/py_srvcli/py_srvcli.egg-info/SOURCES.txt'
[1.047s] running build
[1.047s] running build_py
[1.048s] copying py_srvcli/client.py -> /home/grant/ros/build/py_srvcli/build/lib/py_srvcli
[1.049s] running install
[1.049s] running install_lib
[1.050s] copying /home/grant/ros/build/py_srvcli/build/lib/py_srvcli/client.py -> /home/grant/ros/install/py_srvcli/lib/python3.10/site-packages/py_srvcli
[1.051s] byte-compiling /home/grant/ros/install/py_srvcli/lib/python3.10/site-packages/py_srvcli/client.py to client.cpython-310.pyc
[1.052s] running install_data
[1.052s] running install_egg_info
[1.055s] removing '/home/grant/ros/install/py_srvcli/lib/python3.10/site-packages/py_srvcli-0.0.0-py3.10.egg-info' (and everything under it)
[1.055s] Copying ../../build/py_srvcli/py_srvcli.egg-info to /home/grant/ros/install/py_srvcli/lib/python3.10/site-packages/py_srvcli-0.0.0-py3.10.egg-info
[1.056s] running install_scripts
[1.084s] Installing client script to /home/grant/ros/install/py_srvcli/lib/py_srvcli
[1.084s] Installing listener script to /home/grant/ros/install/py_srvcli/lib/py_srvcli
[1.084s] Installing service script to /home/grant/ros/install/py_srvcli/lib/py_srvcli
[1.084s] writing list of installed files to '/home/grant/ros/build/py_srvcli/install.log'
[1.113s] Invoked command in '/home/grant/ros/src/py_srvcli' returned '0': PYTHONPATH=/home/grant/ros/build/py_srvcli/prefix_override:/usr/lib/python3/dist-packages/colcon_core/task/python/colcon_distutils_commands:/home/grant/ros/install/py_srvcli/lib/python3.10/site-packages:${PYTHONPATH} /usr/bin/python3 -W ignore:setup.py install is deprecated -W ignore:easy_install command is deprecated setup.py egg_info --egg-base ../../build/py_srvcli build --build-base /home/grant/ros/build/py_srvcli/build install --record /home/grant/ros/build/py_srvcli/install.log --single-version-externally-managed install_data
