[0.617s] Invoking command in '/home/grant/ros/src/py_srvcli': PYTHONPATH=/home/grant/ros/build/py_srvcli/prefix_override:/usr/lib/python3/dist-packages/colcon_core/task/python/colcon_distutils_commands:/home/grant/ros/install/py_srvcli/lib/python3.10/site-packages:${PYTHONPATH} /usr/bin/python3 -W ignore:setup.py install is deprecated -W ignore:easy_install command is deprecated setup.py egg_info --egg-base ../../build/py_srvcli build --build-base /home/grant/ros/build/py_srvcli/build install --record /home/grant/ros/build/py_srvcli/install.log --single-version-externally-managed install_data
[0.786s] running egg_info
[0.787s] writing ../../build/py_srvcli/py_srvcli.egg-info/PKG-INFO
[0.787s] writing dependency_links to ../../build/py_srvcli/py_srvcli.egg-info/dependency_links.txt
[0.787s] writing entry points to ../../build/py_srvcli/py_srvcli.egg-info/entry_points.txt
[0.787s] writing requirements to ../../build/py_srvcli/py_srvcli.egg-info/requires.txt
[0.787s] writing top-level names to ../../build/py_srvcli/py_srvcli.egg-info/top_level.txt
[0.789s] reading manifest file '../../build/py_srvcli/py_srvcli.egg-info/SOURCES.txt'
[0.789s] adding license file 'LICENSE'
[0.790s] writing manifest file '../../build/py_srvcli/py_srvcli.egg-info/SOURCES.txt'
[0.790s] running build
[0.790s] running build_py
[0.790s] copying py_srvcli/service.py -> /home/grant/ros/build/py_srvcli/build/lib/py_srvcli
[0.791s] copying py_srvcli/client.py -> /home/grant/ros/build/py_srvcli/build/lib/py_srvcli
[0.791s] running install
[0.791s] running install_lib
[0.792s] copying /home/grant/ros/build/py_srvcli/build/lib/py_srvcli/service.py -> /home/grant/ros/install/py_srvcli/lib/python3.10/site-packages/py_srvcli
[0.793s] copying /home/grant/ros/build/py_srvcli/build/lib/py_srvcli/client.py -> /home/grant/ros/install/py_srvcli/lib/python3.10/site-packages/py_srvcli
[0.793s] byte-compiling /home/grant/ros/install/py_srvcli/lib/python3.10/site-packages/py_srvcli/service.py to service.cpython-310.pyc
[0.794s] byte-compiling /home/grant/ros/install/py_srvcli/lib/python3.10/site-packages/py_srvcli/client.py to client.cpython-310.pyc
[0.795s] running install_data
[0.796s] running install_egg_info
[0.797s] removing '/home/grant/ros/install/py_srvcli/lib/python3.10/site-packages/py_srvcli-0.0.0-py3.10.egg-info' (and everything under it)
[0.798s] Copying ../../build/py_srvcli/py_srvcli.egg-info to /home/grant/ros/install/py_srvcli/lib/python3.10/site-packages/py_srvcli-0.0.0-py3.10.egg-info
[0.798s] running install_scripts
[0.816s] Installing client script to /home/grant/ros/install/py_srvcli/lib/py_srvcli
[0.817s] Installing service script to /home/grant/ros/install/py_srvcli/lib/py_srvcli
[0.817s] writing list of installed files to '/home/grant/ros/build/py_srvcli/install.log'
[0.834s] Invoked command in '/home/grant/ros/src/py_srvcli' returned '0': PYTHONPATH=/home/grant/ros/build/py_srvcli/prefix_override:/usr/lib/python3/dist-packages/colcon_core/task/python/colcon_distutils_commands:/home/grant/ros/install/py_srvcli/lib/python3.10/site-packages:${PYTHONPATH} /usr/bin/python3 -W ignore:setup.py install is deprecated -W ignore:easy_install command is deprecated setup.py egg_info --egg-base ../../build/py_srvcli build --build-base /home/grant/ros/build/py_srvcli/build install --record /home/grant/ros/build/py_srvcli/install.log --single-version-externally-managed install_data
